<?xml version="1.0" encoding="UTF-8"?>
<!-- Generated by org.testng.reporters.JUnitReportReporter -->
<testsuite skipped="0" hostname="Feys-M1.local" name="Parallel04IT" tests="1" failures="0" timestamp="11 Sep 2021 11:43:55 GMT" time="4.153" errors="0">
  <testcase name="runScenario" time="4.153" classname="Parallel04IT"/>
</testsuite> <!-- Parallel04IT -->
