<?xml version="1.0" encoding="UTF-8"?>
<!-- Generated by org.testng.reporters.JUnitReportReporter -->
<testsuite skipped="0" hostname="Feys-M1.local" name="Parallel03IT" tests="1" failures="0" timestamp="11 Sep 2021 11:44:01 GMT" time="9.794" errors="0">
  <testcase name="runScenario" time="9.794" classname="Parallel03IT"/>
</testsuite> <!-- Parallel03IT -->
