<?xml version="1.0" encoding="UTF-8"?>
<!-- Generated by org.testng.reporters.JUnitReportReporter -->
<testsuite skipped="0" hostname="Feys-M1.local" name="Parallel07IT" tests="1" failures="0" timestamp="11 Sep 2021 11:43:57 GMT" time="5.637" errors="0">
  <testcase name="runScenario" time="5.637" classname="Parallel07IT"/>
</testsuite> <!-- Parallel07IT -->
